<?xml version="1.0" encoding="UTF-8" ?>
<testsuite failures="0" time="4.665" errors="0" skipped="0" tests="8" name="org.opencastproject.ingest.endpoint.IngestRestServiceTest">
  <properties>
    <property name="java.runtime.name" value="OpenJDK Runtime Environment"/>
    <property name="sun.boot.library.path" value="/usr/lib/jvm/java-6-openjdk-i386/jre/lib/i386"/>
    <property name="java.vm.version" value="20.0-b12"/>
    <property name="java.vm.vendor" value="Sun Microsystems Inc."/>
    <property name="java.vendor.url" value="http://java.sun.com/"/>
    <property name="path.separator" value=":"/>
    <property name="java.vm.name" value="OpenJDK Server VM"/>
    <property name="file.encoding.pkg" value="sun.io"/>
    <property name="java.util.logging.config.file" value="/opt/matterhorn/matterhorn_1.3.1/modules/matterhorn-ingest-service-impl/conf/services/java.util.logging.properties"/>
    <property name="user.country" value="IN"/>
    <property name="sun.java.launcher" value="SUN_STANDARD"/>
    <property name="sun.os.patch.level" value="unknown"/>
    <property name="java.vm.specification.name" value="Java Virtual Machine Specification"/>
    <property name="user.dir" value="/opt/matterhorn/matterhorn_1.3.1/modules/matterhorn-ingest-service-impl"/>
    <property name="java.runtime.version" value="1.6.0_27-b27"/>
    <property name="java.awt.graphicsenv" value="sun.awt.X11GraphicsEnvironment"/>
    <property name="basedir" value="/opt/matterhorn/matterhorn_1.3.1/modules/matterhorn-ingest-service-impl"/>
    <property name="java.endorsed.dirs" value="/usr/lib/jvm/java-6-openjdk-i386/jre/lib/endorsed"/>
    <property name="os.arch" value="i386"/>
    <property name="surefire.real.class.path" value="/tmp/surefirebooter8602279612910785466.jar"/>
    <property name="java.io.tmpdir" value="/tmp"/>
    <property name="line.separator" value="
"/>
    <property name="deployTo" value="/opt/matterhorn/felix/matterhorn"/>
    <property name="java.vm.specification.vendor" value="Sun Microsystems Inc."/>
    <property name="os.name" value="Linux"/>
    <property name="sun.jnu.encoding" value="UTF-8"/>
    <property name="java.library.path" value="/usr/lib/jvm/java-6-openjdk-i386/jre/lib/i386/server:/usr/lib/jvm/java-6-openjdk-i386/jre/lib/i386:/usr/lib/jvm/java-6-openjdk-i386/jre/../lib/i386:/usr/java/packages/lib/i386:/usr/lib/i386-linux-gnu/jni:/lib/i386-linux-gnu:/usr/lib/i386-linux-gnu:/usr/lib/jni:/lib:/usr/lib"/>
    <property name="surefire.test.class.path" value="/opt/matterhorn/matterhorn_1.3.1/modules/matterhorn-ingest-service-impl/target/test-classes:/opt/matterhorn/matterhorn_1.3.1/modules/matterhorn-ingest-service-impl/target/classes:/home/medialab/.m2/repository/org/opencastproject/matterhorn-common/1.3.1/matterhorn-common-1.3.1.jar:/home/medialab/.m2/repository/javax/xml/bind/jaxb-api/2.2.2/jaxb-api-2.2.2.jar:/home/medialab/.m2/repository/javax/xml/stream/stax-api/1.0-2/stax-api-1.0-2.jar:/home/medialab/.m2/repository/javax/activation/activation/1.1.1/activation-1.1.1.jar:/home/medialab/.m2/repository/javax/ws/rs/jsr311-api/1.1.A/jsr311-api-1.1.A.jar:/home/medialab/.m2/repository/org/apache/commons/com.springsource.org.apache.commons.beanutils/1.7.0/com.springsource.org.apache.commons.beanutils-1.7.0.jar:/home/medialab/.m2/repository/org/apache/commons/com.springsource.org.apache.commons.collections/3.2.0/com.springsource.org.apache.commons.collections-3.2.0.jar:/home/medialab/.m2/repository/org/apache/commons/com.springsource.org.apache.commons.logging/1.1.1/com.springsource.org.apache.commons.logging-1.1.1.jar:/home/medialab/.m2/repository/org/apache/httpcomponents/httpclient-osgi/4.0.1/httpclient-osgi-4.0.1.jar:/home/medialab/.m2/repository/org/apache/httpcomponents/httpclient/4.0.1/httpclient-4.0.1.jar:/home/medialab/.m2/repository/org/apache/httpcomponents/httpcore/4.0.1/httpcore-4.0.1.jar:/home/medialab/.m2/repository/commons-logging/commons-logging/1.1.1/commons-logging-1.1.1.jar:/home/medialab/.m2/repository/commons-codec/commons-codec/1.4/commons-codec-1.4.jar:/home/medialab/.m2/repository/org/apache/httpcomponents/httpmime/4.0.1/httpmime-4.0.1.jar:/home/medialab/.m2/repository/org/apache/james/apache-mime4j/0.6/apache-mime4j-0.6.jar:/home/medialab/.m2/repository/commons-io/commons-io/1.4/commons-io-1.4.jar:/home/medialab/.m2/repository/commons-lang/commons-lang/2.4/commons-lang-2.4.jar:/home/medialab/.m2/repository/commons-collections/commons-collections/3.2.1/commons-collections-3.2.1.jar:/home/medialab/.m2/repository/joda-time/joda-time/1.6/joda-time-1.6.jar:/home/medialab/.m2/repository/org/opencastproject/matterhorn-json/1.3.1/matterhorn-json-1.3.1.jar:/home/medialab/.m2/repository/org/slf4j/slf4j-api/1.5.8/slf4j-api-1.5.8.jar:/home/medialab/.m2/repository/com/googlecode/json-simple/json-simple/1.1/json-simple-1.1.jar:/home/medialab/.m2/repository/de/schlichtherle/truezip/6.8/truezip-6.8.jar:/home/medialab/.m2/repository/org/apache/ant/ant/1.8.1/ant-1.8.1.jar:/home/medialab/.m2/repository/org/apache/ant/ant-launcher/1.8.1/ant-launcher-1.8.1.jar:/home/medialab/.m2/repository/org/bouncycastle/bcprov-jdk14/1.45/bcprov-jdk14-1.45.jar:/home/medialab/.m2/repository/org/opencastproject/matterhorn-ingest-service-api/1.3.1/matterhorn-ingest-service-api-1.3.1.jar:/home/medialab/.m2/repository/org/opencastproject/matterhorn-workflow-service-api/1.3.1/matterhorn-workflow-service-api-1.3.1.jar:/home/medialab/.m2/repository/org/opencastproject/matterhorn-metadata-api/1.3.1/matterhorn-metadata-api-1.3.1.jar:/home/medialab/.m2/repository/org/opencastproject/matterhorn-dublincore/1.3.1/matterhorn-dublincore-1.3.1.jar:/home/medialab/.m2/repository/org/opencastproject/matterhorn-workspace-api/1.3.1/matterhorn-workspace-api-1.3.1.jar:/home/medialab/.m2/repository/org/opencastproject/matterhorn-working-file-repository-service-api/1.3.1/matterhorn-working-file-repository-service-api-1.3.1.jar:/home/medialab/.m2/repository/org/opencastproject/matterhorn-series-service-api/1.3.1/matterhorn-series-service-api-1.3.1.jar:/home/medialab/.m2/repository/javax/servlet/servlet-api/2.5/servlet-api-2.5.jar:/home/medialab/.m2/repository/org/osgi/org.osgi.core/4.2.0/org.osgi.core-4.2.0.jar:/home/medialab/.m2/repository/org/osgi/org.osgi.compendium/4.2.0/org.osgi.compendium-4.2.0.jar:/home/medialab/.m2/repository/org/slf4j/slf4j-log4j12/1.5.8/slf4j-log4j12-1.5.8.jar:/home/medialab/.m2/repository/log4j/log4j/1.2.16/log4j-1.2.16.jar:/home/medialab/.m2/repository/junit/junit/4.5/junit-4.5.jar:/home/medialab/.m2/repository/org/easymock/easymock/2.5.1/easymock-2.5.1.jar:/home/medialab/.m2/repository/commons-fileupload/commons-fileupload/1.2.1/commons-fileupload-1.2.1.jar:/home/medialab/.m2/repository/net/sourceforge/htmlunit/htmlunit/2.6/htmlunit-2.6.jar:/home/medialab/.m2/repository/xalan/xalan/2.7.1/xalan-2.7.1.jar:/home/medialab/.m2/repository/xalan/serializer/2.7.1/serializer-2.7.1.jar:/home/medialab/.m2/repository/xml-apis/xml-apis/1.3.04/xml-apis-1.3.04.jar:/home/medialab/.m2/repository/commons-httpclient/commons-httpclient/3.1/commons-httpclient-3.1.jar:/home/medialab/.m2/repository/net/sourceforge/htmlunit/htmlunit-core-js/2.6/htmlunit-core-js-2.6.jar:/home/medialab/.m2/repository/xerces/xercesImpl/2.9.1/xercesImpl-2.9.1.jar:/home/medialab/.m2/repository/net/sourceforge/nekohtml/nekohtml/1.9.13/nekohtml-1.9.13.jar:/home/medialab/.m2/repository/net/sourceforge/cssparser/cssparser/0.9.5/cssparser-0.9.5.jar:/home/medialab/.m2/repository/org/w3c/css/sac/1.3/sac-1.3.jar:/home/medialab/.m2/repository/org/eclipse/persistence/javax.persistence/2.0.0/javax.persistence-2.0.0.jar:/home/medialab/.m2/repository/org/eclipse/persistence/org.eclipse.persistence.core/2.0.2/org.eclipse.persistence.core-2.0.2.jar:/home/medialab/.m2/repository/org/eclipse/persistence/org.eclipse.persistence.asm/2.0.2/org.eclipse.persistence.asm-2.0.2.jar:/home/medialab/.m2/repository/org/eclipse/persistence/org.eclipse.persistence.antlr/2.0.2/org.eclipse.persistence.antlr-2.0.2.jar:/home/medialab/.m2/repository/org/eclipse/persistence/org.eclipse.persistence.jpa/2.0.2/org.eclipse.persistence.jpa-2.0.2.jar:/home/medialab/.m2/repository/com/h2database/h2/1.3.149/h2-1.3.149.jar:/home/medialab/.m2/repository/c3p0/c3p0/0.9.1.2/c3p0-0.9.1.2.jar:/home/medialab/.m2/repository/com/sun/jersey/jersey-server/1.12/jersey-server-1.12.jar:/home/medialab/.m2/repository/asm/asm/3.1/asm-3.1.jar:/home/medialab/.m2/repository/com/sun/jersey/jersey-core/1.12/jersey-core-1.12.jar:/home/medialab/.m2/repository/org/apache/felix/org.apache.felix.fileinstall/3.1.6/org.apache.felix.fileinstall-3.1.6.jar:"/>
    <property name="java.specification.name" value="Java Platform API Specification"/>
    <property name="java.class.version" value="50.0"/>
    <property name="sun.management.compiler" value="HotSpot Tiered Compilers"/>
    <property name="os.version" value="3.2.0-43-generic-pae"/>
    <property name="user.home" value="/home/medialab"/>
    <property name="user.timezone" value="Asia/Kolkata"/>
    <property name="java.awt.printerjob" value="sun.print.PSPrinterJob"/>
    <property name="java.specification.version" value="1.6"/>
    <property name="file.encoding" value="UTF-8"/>
    <property name="user.name" value="medialab"/>
    <property name="java.class.path" value="/opt/matterhorn/matterhorn_1.3.1/modules/matterhorn-ingest-service-impl/target/test-classes:/opt/matterhorn/matterhorn_1.3.1/modules/matterhorn-ingest-service-impl/target/classes:/home/medialab/.m2/repository/org/opencastproject/matterhorn-common/1.3.1/matterhorn-common-1.3.1.jar:/home/medialab/.m2/repository/javax/xml/bind/jaxb-api/2.2.2/jaxb-api-2.2.2.jar:/home/medialab/.m2/repository/javax/xml/stream/stax-api/1.0-2/stax-api-1.0-2.jar:/home/medialab/.m2/repository/javax/activation/activation/1.1.1/activation-1.1.1.jar:/home/medialab/.m2/repository/javax/ws/rs/jsr311-api/1.1.A/jsr311-api-1.1.A.jar:/home/medialab/.m2/repository/org/apache/commons/com.springsource.org.apache.commons.beanutils/1.7.0/com.springsource.org.apache.commons.beanutils-1.7.0.jar:/home/medialab/.m2/repository/org/apache/commons/com.springsource.org.apache.commons.collections/3.2.0/com.springsource.org.apache.commons.collections-3.2.0.jar:/home/medialab/.m2/repository/org/apache/commons/com.springsource.org.apache.commons.logging/1.1.1/com.springsource.org.apache.commons.logging-1.1.1.jar:/home/medialab/.m2/repository/org/apache/httpcomponents/httpclient-osgi/4.0.1/httpclient-osgi-4.0.1.jar:/home/medialab/.m2/repository/org/apache/httpcomponents/httpclient/4.0.1/httpclient-4.0.1.jar:/home/medialab/.m2/repository/org/apache/httpcomponents/httpcore/4.0.1/httpcore-4.0.1.jar:/home/medialab/.m2/repository/commons-logging/commons-logging/1.1.1/commons-logging-1.1.1.jar:/home/medialab/.m2/repository/commons-codec/commons-codec/1.4/commons-codec-1.4.jar:/home/medialab/.m2/repository/org/apache/httpcomponents/httpmime/4.0.1/httpmime-4.0.1.jar:/home/medialab/.m2/repository/org/apache/james/apache-mime4j/0.6/apache-mime4j-0.6.jar:/home/medialab/.m2/repository/commons-io/commons-io/1.4/commons-io-1.4.jar:/home/medialab/.m2/repository/commons-lang/commons-lang/2.4/commons-lang-2.4.jar:/home/medialab/.m2/repository/commons-collections/commons-collections/3.2.1/commons-collections-3.2.1.jar:/home/medialab/.m2/repository/joda-time/joda-time/1.6/joda-time-1.6.jar:/home/medialab/.m2/repository/org/opencastproject/matterhorn-json/1.3.1/matterhorn-json-1.3.1.jar:/home/medialab/.m2/repository/org/slf4j/slf4j-api/1.5.8/slf4j-api-1.5.8.jar:/home/medialab/.m2/repository/com/googlecode/json-simple/json-simple/1.1/json-simple-1.1.jar:/home/medialab/.m2/repository/de/schlichtherle/truezip/6.8/truezip-6.8.jar:/home/medialab/.m2/repository/org/apache/ant/ant/1.8.1/ant-1.8.1.jar:/home/medialab/.m2/repository/org/apache/ant/ant-launcher/1.8.1/ant-launcher-1.8.1.jar:/home/medialab/.m2/repository/org/bouncycastle/bcprov-jdk14/1.45/bcprov-jdk14-1.45.jar:/home/medialab/.m2/repository/org/opencastproject/matterhorn-ingest-service-api/1.3.1/matterhorn-ingest-service-api-1.3.1.jar:/home/medialab/.m2/repository/org/opencastproject/matterhorn-workflow-service-api/1.3.1/matterhorn-workflow-service-api-1.3.1.jar:/home/medialab/.m2/repository/org/opencastproject/matterhorn-metadata-api/1.3.1/matterhorn-metadata-api-1.3.1.jar:/home/medialab/.m2/repository/org/opencastproject/matterhorn-dublincore/1.3.1/matterhorn-dublincore-1.3.1.jar:/home/medialab/.m2/repository/org/opencastproject/matterhorn-workspace-api/1.3.1/matterhorn-workspace-api-1.3.1.jar:/home/medialab/.m2/repository/org/opencastproject/matterhorn-working-file-repository-service-api/1.3.1/matterhorn-working-file-repository-service-api-1.3.1.jar:/home/medialab/.m2/repository/org/opencastproject/matterhorn-series-service-api/1.3.1/matterhorn-series-service-api-1.3.1.jar:/home/medialab/.m2/repository/javax/servlet/servlet-api/2.5/servlet-api-2.5.jar:/home/medialab/.m2/repository/org/osgi/org.osgi.core/4.2.0/org.osgi.core-4.2.0.jar:/home/medialab/.m2/repository/org/osgi/org.osgi.compendium/4.2.0/org.osgi.compendium-4.2.0.jar:/home/medialab/.m2/repository/org/slf4j/slf4j-log4j12/1.5.8/slf4j-log4j12-1.5.8.jar:/home/medialab/.m2/repository/log4j/log4j/1.2.16/log4j-1.2.16.jar:/home/medialab/.m2/repository/junit/junit/4.5/junit-4.5.jar:/home/medialab/.m2/repository/org/easymock/easymock/2.5.1/easymock-2.5.1.jar:/home/medialab/.m2/repository/commons-fileupload/commons-fileupload/1.2.1/commons-fileupload-1.2.1.jar:/home/medialab/.m2/repository/net/sourceforge/htmlunit/htmlunit/2.6/htmlunit-2.6.jar:/home/medialab/.m2/repository/xalan/xalan/2.7.1/xalan-2.7.1.jar:/home/medialab/.m2/repository/xalan/serializer/2.7.1/serializer-2.7.1.jar:/home/medialab/.m2/repository/xml-apis/xml-apis/1.3.04/xml-apis-1.3.04.jar:/home/medialab/.m2/repository/commons-httpclient/commons-httpclient/3.1/commons-httpclient-3.1.jar:/home/medialab/.m2/repository/net/sourceforge/htmlunit/htmlunit-core-js/2.6/htmlunit-core-js-2.6.jar:/home/medialab/.m2/repository/xerces/xercesImpl/2.9.1/xercesImpl-2.9.1.jar:/home/medialab/.m2/repository/net/sourceforge/nekohtml/nekohtml/1.9.13/nekohtml-1.9.13.jar:/home/medialab/.m2/repository/net/sourceforge/cssparser/cssparser/0.9.5/cssparser-0.9.5.jar:/home/medialab/.m2/repository/org/w3c/css/sac/1.3/sac-1.3.jar:/home/medialab/.m2/repository/org/eclipse/persistence/javax.persistence/2.0.0/javax.persistence-2.0.0.jar:/home/medialab/.m2/repository/org/eclipse/persistence/org.eclipse.persistence.core/2.0.2/org.eclipse.persistence.core-2.0.2.jar:/home/medialab/.m2/repository/org/eclipse/persistence/org.eclipse.persistence.asm/2.0.2/org.eclipse.persistence.asm-2.0.2.jar:/home/medialab/.m2/repository/org/eclipse/persistence/org.eclipse.persistence.antlr/2.0.2/org.eclipse.persistence.antlr-2.0.2.jar:/home/medialab/.m2/repository/org/eclipse/persistence/org.eclipse.persistence.jpa/2.0.2/org.eclipse.persistence.jpa-2.0.2.jar:/home/medialab/.m2/repository/com/h2database/h2/1.3.149/h2-1.3.149.jar:/home/medialab/.m2/repository/c3p0/c3p0/0.9.1.2/c3p0-0.9.1.2.jar:/home/medialab/.m2/repository/com/sun/jersey/jersey-server/1.12/jersey-server-1.12.jar:/home/medialab/.m2/repository/asm/asm/3.1/asm-3.1.jar:/home/medialab/.m2/repository/com/sun/jersey/jersey-core/1.12/jersey-core-1.12.jar:/home/medialab/.m2/repository/org/apache/felix/org.apache.felix.fileinstall/3.1.6/org.apache.felix.fileinstall-3.1.6.jar:"/>
    <property name="java.vm.specification.version" value="1.0"/>
    <property name="sun.arch.data.model" value="32"/>
    <property name="java.home" value="/usr/lib/jvm/java-6-openjdk-i386/jre"/>
    <property name="sun.java.command" value="/tmp/surefirebooter8602279612910785466.jar /tmp/surefire4571713765992759185tmp /tmp/surefire4182194812041529814tmp"/>
    <property name="M2_REPO" value="/home/medialab/.m2/repository"/>
    <property name="eclipselink.logging.level" value="SEVERE"/>
    <property name="java.specification.vendor" value="Sun Microsystems Inc."/>
    <property name="user.language" value="en"/>
    <property name="java.vm.info" value="mixed mode"/>
    <property name="java.version" value="1.6.0_27"/>
    <property name="java.ext.dirs" value="/usr/lib/jvm/java-6-openjdk-i386/jre/lib/ext:/usr/java/packages/lib/ext"/>
    <property name="sun.boot.class.path" value="/usr/lib/jvm/java-6-openjdk-i386/jre/lib/resources.jar:/usr/lib/jvm/java-6-openjdk-i386/jre/lib/rt.jar:/usr/lib/jvm/java-6-openjdk-i386/jre/lib/sunrsasign.jar:/usr/lib/jvm/java-6-openjdk-i386/jre/lib/jsse.jar:/usr/lib/jvm/java-6-openjdk-i386/jre/lib/jce.jar:/usr/lib/jvm/java-6-openjdk-i386/jre/lib/charsets.jar:/usr/lib/jvm/java-6-openjdk-i386/jre/lib/netx.jar:/usr/lib/jvm/java-6-openjdk-i386/jre/lib/plugin.jar:/usr/lib/jvm/java-6-openjdk-i386/jre/lib/rhino.jar:/usr/lib/jvm/java-6-openjdk-i386/jre/lib/modules/jdk.boot.jar:/usr/lib/jvm/java-6-openjdk-i386/jre/classes"/>
    <property name="java.vendor" value="Sun Microsystems Inc."/>
    <property name="java.awt.headless" value="true"/>
    <property name="localRepository" value="/home/medialab/.m2/repository"/>
    <property name="file.separator" value="/"/>
    <property name="java.vendor.url.bug" value="http://java.sun.com/cgi-bin/bugreport.cgi"/>
    <property name="sun.cpu.endian" value="little"/>
    <property name="sun.io.unicode.encoding" value="UnicodeLittle"/>
    <property name="sun.desktop" value="gnome"/>
    <property name="sun.cpu.isalist" value=""/>
  </properties>
  <testcase time="3.183" classname="org.opencastproject.ingest.endpoint.IngestRestServiceTest" name="testCreateMediaPackage"/>
  <testcase time="0.019" classname="org.opencastproject.ingest.endpoint.IngestRestServiceTest" name="testAddMediaPackageTrack"/>
  <testcase time="0.028" classname="org.opencastproject.ingest.endpoint.IngestRestServiceTest" name="testAddMediaPackageCatalog"/>
  <testcase time="0.021" classname="org.opencastproject.ingest.endpoint.IngestRestServiceTest" name="testAddMediaPackageAttachment"/>
  <testcase time="0.057" classname="org.opencastproject.ingest.endpoint.IngestRestServiceTest" name="testAddMediaPackageAttachmentFromRequest"/>
  <testcase time="0.017" classname="org.opencastproject.ingest.endpoint.IngestRestServiceTest" name="testAddMediaPackageCatalogFromRequest"/>
  <testcase time="0.016" classname="org.opencastproject.ingest.endpoint.IngestRestServiceTest" name="testAddMediaPackageTrackFromRequest"/>
  <testcase time="1.316" classname="org.opencastproject.ingest.endpoint.IngestRestServiceTest" name="testUploadJobPersistence"/>
</testsuite>